\BOOKMARK [1][-]{section.1}{Introducci\363n}{}% 1
\BOOKMARK [1][-]{section.2}{Arquitectura}{}% 2
\BOOKMARK [2][-]{subsection.2.1}{Diagrama de clases}{section.2}% 3
\BOOKMARK [3][-]{subsubsection.2.1.1}{Paquete: gui}{subsection.2.1}% 4
\BOOKMARK [3][-]{subsubsection.2.1.2}{Paquete: request\137handlers}{subsection.2.1}% 5
\BOOKMARK [3][-]{subsubsection.2.1.3}{Paquete: exceptions}{subsection.2.1}% 6
\BOOKMARK [1][-]{section.3}{Ejemplos de ejecuci\363n}{}% 7
\BOOKMARK [2][-]{subsection.3.1}{Flujo b\341sico}{section.3}% 8
\BOOKMARK [2][-]{subsection.3.2}{Flujos de excepci\363n}{section.3}% 9
\BOOKMARK [1][-]{section.4}{Casos que har\355an que el proyecto dejar\341 de funcionar}{}% 10
\BOOKMARK [2][-]{subsection.4.1}{Servicio del back-end no activo}{section.4}% 11
\BOOKMARK [2][-]{subsection.4.2}{Otros casos menores}{section.4}% 12
\BOOKMARK [1][-]{section.5}{Conclusi\363n personal}{}% 13
\BOOKMARK [1][-]{section.6}{Ap\351ndice: GET endpoints}{}% 14
\BOOKMARK [2][-]{subsection.6.1}{/genres}{section.6}% 15
\BOOKMARK [3][-]{subsubsection.6.1.1}{Parameters}{subsection.6.1}% 16
\BOOKMARK [3][-]{subsubsection.6.1.2}{Response}{subsection.6.1}% 17
\BOOKMARK [2][-]{subsection.6.2}{/media}{section.6}% 18
\BOOKMARK [3][-]{subsubsection.6.2.1}{Parameters}{subsection.6.2}% 19
\BOOKMARK [3][-]{subsubsection.6.2.2}{Response}{subsection.6.2}% 20
\BOOKMARK [2][-]{subsection.6.3}{/episodes}{section.6}% 21
\BOOKMARK [3][-]{subsubsection.6.3.1}{Parameters}{subsection.6.3}% 22
\BOOKMARK [3][-]{subsubsection.6.3.2}{Response}{subsection.6.3}% 23
\BOOKMARK [1][-]{section.7}{Ap\351ndice: PUT endpoints}{}% 24
\BOOKMARK [2][-]{subsection.7.1}{/media-rating}{section.7}% 25
\BOOKMARK [3][-]{subsubsection.7.1.1}{Parameters}{subsection.7.1}% 26
\BOOKMARK [3][-]{subsubsection.7.1.2}{Response}{subsection.7.1}% 27
\BOOKMARK [1][-]{section.8}{Referencias}{}% 28
